[debug] [2022-01-03T17:03:58.446Z] ----------------------------------------------------------------------
[debug] [2022-01-03T17:03:58.448Z] Command:       /usr/local/bin/firebase /home/mad-pigeon/.cache/firebase/tools/lib/node_modules/firebase-tools/lib/bin/firebase deploy
[debug] [2022-01-03T17:03:58.448Z] CLI Version:   10.0.1
[debug] [2022-01-03T17:03:58.448Z] Platform:      linux
[debug] [2022-01-03T17:03:58.448Z] Node Version:  v12.18.1
[debug] [2022-01-03T17:03:58.448Z] Time:          Mon Jan 03 2022 23:03:58 GMT+0600 (Bangladesh Standard Time)
[debug] [2022-01-03T17:03:58.448Z] ----------------------------------------------------------------------
[debug] 
[debug] [2022-01-03T17:03:58.485Z] > command requires scopes: ["email","openid","https://www.googleapis.com/auth/cloudplatformprojects.readonly","https://www.googleapis.com/auth/firebase","https://www.googleapis.com/auth/cloud-platform"]
[debug] [2022-01-03T17:03:58.485Z] > authorizing via signed-in user (jayeen6783@gmail.com)
[debug] [2022-01-03T17:03:58.486Z] [iam] checking project jayeens-housing for permissions ["firebase.projects.get","firebasehosting.sites.update"]
[debug] [2022-01-03T17:03:58.487Z] >>> HTTP REQUEST POST https://cloudresourcemanager.googleapis.com/v1/projects/jayeens-housing:testIamPermissions  
 {"permissions":["firebase.projects.get","firebasehosting.sites.update"]}
[debug] [2022-01-03T17:03:59.856Z] <<< HTTP RESPONSE 200 {"content-type":"application/json; charset=UTF-8","vary":"X-Origin, Referer, Origin,Accept-Encoding","date":"Mon, 03 Jan 2022 17:03:59 GMT","server":"ESF","cache-control":"private","x-xss-protection":"0","x-frame-options":"SAMEORIGIN","x-content-type-options":"nosniff","server-timing":"gfet4t7; dur=1130","alt-svc":"h3=\":443\"; ma=2592000,h3-29=\":443\"; ma=2592000,h3-Q050=\":443\"; ma=2592000,h3-Q046=\":443\"; ma=2592000,h3-Q043=\":443\"; ma=2592000,quic=\":443\"; ma=2592000; v=\"46,43\"","accept-ranges":"none","transfer-encoding":"chunked"}
[debug] [2022-01-03T17:03:59.858Z] > refreshing access token with scopes: []
[debug] [2022-01-03T17:03:59.858Z] >>> HTTP REQUEST POST https://www.googleapis.com/oauth2/v3/token  
 <request body omitted>
[debug] [2022-01-03T17:04:00.137Z] <<< HTTP RESPONSE 200 {"date":"Mon, 03 Jan 2022 17:04:00 GMT","cache-control":"no-cache, no-store, max-age=0, must-revalidate","pragma":"no-cache","expires":"Mon, 01 Jan 1990 00:00:00 GMT","content-type":"application/json; charset=utf-8","vary":"X-Origin, Referer, Origin,Accept-Encoding","server":"scaffolding on HTTPServer2","x-xss-protection":"0","x-frame-options":"SAMEORIGIN","x-content-type-options":"nosniff","alt-svc":"h3=\":443\"; ma=2592000,h3-29=\":443\"; ma=2592000,h3-Q050=\":443\"; ma=2592000,h3-Q046=\":443\"; ma=2592000,h3-Q043=\":443\"; ma=2592000,quic=\":443\"; ma=2592000; v=\"46,43\"","accept-ranges":"none","transfer-encoding":"chunked"}
[debug] [2022-01-03T17:04:00.149Z] >>> [apiv2][query] GET https://firebase.googleapis.com/v1beta1/projects/jayeens-housing [none]
[debug] [2022-01-03T17:04:00.667Z] <<< [apiv2][status] GET https://firebase.googleapis.com/v1beta1/projects/jayeens-housing 200
[debug] [2022-01-03T17:04:00.667Z] <<< [apiv2][body] GET https://firebase.googleapis.com/v1beta1/projects/jayeens-housing {"projectId":"jayeens-housing","projectNumber":"1014378438407","displayName":"jayeens-housing","name":"projects/jayeens-housing","resources":{"hostingSite":"jayeens-housing"},"state":"ACTIVE"}
[info] 
[info] === Deploying to 'jayeens-housing'...
[info] 
[info] i  deploying hosting 
[debug] [2022-01-03T17:04:00.669Z] > refreshing access token with scopes: ["email","https://www.googleapis.com/auth/cloud-platform","https://www.googleapis.com/auth/cloudplatformprojects.readonly","https://www.googleapis.com/auth/firebase","openid"]
[debug] [2022-01-03T17:04:00.669Z] >>> HTTP REQUEST POST https://www.googleapis.com/oauth2/v3/token  
 <request body omitted>
[debug] [2022-01-03T17:04:00.947Z] <<< HTTP RESPONSE 200 {"date":"Mon, 03 Jan 2022 17:04:00 GMT","cache-control":"no-cache, no-store, max-age=0, must-revalidate","pragma":"no-cache","expires":"Mon, 01 Jan 1990 00:00:00 GMT","content-type":"application/json; charset=utf-8","vary":"X-Origin, Referer, Origin,Accept-Encoding","server":"scaffolding on HTTPServer2","x-xss-protection":"0","x-frame-options":"SAMEORIGIN","x-content-type-options":"nosniff","alt-svc":"h3=\":443\"; ma=2592000,h3-29=\":443\"; ma=2592000,h3-Q050=\":443\"; ma=2592000,h3-Q046=\":443\"; ma=2592000,h3-Q043=\":443\"; ma=2592000,quic=\":443\"; ma=2592000; v=\"46,43\"","accept-ranges":"none","transfer-encoding":"chunked"}
[debug] [2022-01-03T17:04:00.961Z] >>> HTTP REQUEST POST https://firebasehosting.googleapis.com/v1beta1/sites/jayeens-housing/versions  
 {"config":{"rewrites":[{"glob":"**","path":"/index.html"}]},"labels":{"deployment-tool":"cli-firebase"}}
[debug] [2022-01-03T17:04:02.709Z] <<< HTTP RESPONSE 200 {"content-type":"application/json; charset=UTF-8","vary":"X-Origin, Referer, Origin,Accept-Encoding","date":"Mon, 03 Jan 2022 17:04:02 GMT","server":"ESF","cache-control":"private","x-xss-protection":"0","x-frame-options":"SAMEORIGIN","x-content-type-options":"nosniff","alt-svc":"h3=\":443\"; ma=2592000,h3-29=\":443\"; ma=2592000,h3-Q050=\":443\"; ma=2592000,h3-Q046=\":443\"; ma=2592000,h3-Q043=\":443\"; ma=2592000,quic=\":443\"; ma=2592000; v=\"46,43\"","accept-ranges":"none","transfer-encoding":"chunked"}
[info] i  hosting[jayeens-housing]: beginning deploy... 
[info] i  hosting[jayeens-housing]: found 21 files in build 
[debug] [2022-01-03T17:04:02.761Z] > refreshing access token with scopes: []
[debug] [2022-01-03T17:04:02.762Z] >>> HTTP REQUEST POST https://www.googleapis.com/oauth2/v3/token  
 <request body omitted>
[debug] [2022-01-03T17:04:02.762Z] [hosting] hash cache [YnVpbGQ] stored for 21 files
[debug] [2022-01-03T17:04:02.762Z] [hosting][hash queue][FINAL] {"max":40,"min":7,"avg":9.142857142857142,"active":0,"complete":21,"success":21,"errored":0,"retried":0,"total":21,"elapsed":43}
[debug] [2022-01-03T17:04:03.045Z] <<< HTTP RESPONSE 200 {"expires":"Mon, 01 Jan 1990 00:00:00 GMT","date":"Mon, 03 Jan 2022 17:04:03 GMT","pragma":"no-cache","cache-control":"no-cache, no-store, max-age=0, must-revalidate","content-type":"application/json; charset=utf-8","vary":"X-Origin, Referer, Origin,Accept-Encoding","server":"scaffolding on HTTPServer2","x-xss-protection":"0","x-frame-options":"SAMEORIGIN","x-content-type-options":"nosniff","alt-svc":"h3=\":443\"; ma=2592000,h3-29=\":443\"; ma=2592000,h3-Q050=\":443\"; ma=2592000,h3-Q046=\":443\"; ma=2592000,h3-Q043=\":443\"; ma=2592000,quic=\":443\"; ma=2592000; v=\"46,43\"","accept-ranges":"none","transfer-encoding":"chunked"}
[debug] [2022-01-03T17:04:03.055Z] >>> [apiv2][query] POST https://firebasehosting.googleapis.com/v1beta1/sites/jayeens-housing/versions/361034a1a5278048:populateFiles [none]
[debug] [2022-01-03T17:04:03.055Z] >>> [apiv2][body] POST https://firebasehosting.googleapis.com/v1beta1/sites/jayeens-housing/versions/361034a1a5278048:populateFiles {"files":{"/asset-manifest.json":"ab667a57ab17dcced9ecee0f425807484fe2307aac6310d43a4e1209c3895d8a","/favicon.ico":"c599b7a91ab3627e3538125d9f40adc2d4bf949046984262670545dc7738af06","/index.html":"b61068983cfa06589040ad12365b3e0ef2737e1d16353209b1fbd6527108411a","/favicon.png":"5fb80844fa8c4aed513cf97fe6101bdfc9437e0d579d9b62cff225c8fab4fa62","/manifest.json":"9ad958a90fd44be9927fbca95a7cf583f8abacb882ea66fd5917933ff268097e","/robots.txt":"8a427bb19eab72df81f29521ee16bf7975d54c7a2e39b23f85f970a30740abed","/logo192.png":"76c449ccb9cd117c2f2338f091b18f7050f3210e249b2228f5c81b23f34377cd","/static/js/2.72a4e100.chunk.js.LICENSE.txt":"582496987217bf0e7e0f01e8a15477a99fa4d9e52197d2b71c780de63ad9fc18","/static/css/main.62172619.chunk.css":"a1a3951913dba51c544c1069fe70d02a305275c4025fb603aeecad1918d03557","/logo512.png":"7779210d56c1f3741e2e487799fe3092def4fa6ac450a60532b807c3a8971205","/static/js/3.aa9efa10.chunk.js":"8d99e58286dac4f2b25203fd0b98c3e5234d5ed92b4e53609fe05beb9f6ce4c4","/static/js/runtime-main.0a52fab5.js":"507190cd9856c089c1dbee07129e4ee152ae7ef5bee72525ef68d4b26f9b93ba","/static/css/2.f794a270.chunk.css":"d4e757e918cea4cff3fbf1ea346eb9ca55d0194f7dd1abff0d19d127587327e3","/static/js/main.559a3259.chunk.js":"62f481f15bb9ce7f4ac24e6f3aeaae8b9c2b995abc71d36fb0c8ab7299a6b101","/static/media/jayeens-housing-transparent.48155013.png":"aa7e61d6b3e2e1fd6bd95881f44c3e1299b04471e2d7883d2da828a1b5423854","/static/media/jayeens-housing.715e52e3.png":"282564733cffa6e041192f2ccf3373bebe3575ec4f41d833986c9e38144951cc","/static/media/jayeens-housing-footer.ddd07641.png":"dcebf432c5b35668f7941a20f84e06620c6768630458cf04206ee69203f733fc","/static/media/defaultUser.92fef633.jpg":"1cc3fbb2aedf0c8c3926ceba7fda4be46cfef2fd5678004f1ee96c1f0db0ba91","/static/media/dreamhouse.72e69d24.png":"1b4b43ca75f0522c3a18e0771fe2a51c9f3305b8ac65f12fb0be818bc1ac7c36","/static/media/jayeens-housing-banner.a6a6def4.png":"12b3f5e484fc6c92b6065afb8a30a346abe0ca778f23719dc7cc33747ed6dab5","/static/js/2.72a4e100.chunk.js":"78286671a4d39c981e5aecaee8e92491d6a9553f4d20135e33037a97e867a304"}}
[debug] [2022-01-03T17:04:04.693Z] <<< [apiv2][status] POST https://firebasehosting.googleapis.com/v1beta1/sites/jayeens-housing/versions/361034a1a5278048:populateFiles 200
[debug] [2022-01-03T17:04:04.694Z] <<< [apiv2][body] POST https://firebasehosting.googleapis.com/v1beta1/sites/jayeens-housing/versions/361034a1a5278048:populateFiles {"uploadRequiredHashes":["62f481f15bb9ce7f4ac24e6f3aeaae8b9c2b995abc71d36fb0c8ab7299a6b101","b61068983cfa06589040ad12365b3e0ef2737e1d16353209b1fbd6527108411a","ab667a57ab17dcced9ecee0f425807484fe2307aac6310d43a4e1209c3895d8a"],"uploadUrl":"https://upload-firebasehosting.googleapis.com/upload/sites/jayeens-housing/versions/361034a1a5278048/files"}
[debug] [2022-01-03T17:04:04.697Z] >>> [apiv2][query] POST https://upload-firebasehosting.googleapis.com/upload/sites/jayeens-housing/versions/361034a1a5278048/files/62f481f15bb9ce7f4ac24e6f3aeaae8b9c2b995abc71d36fb0c8ab7299a6b101 [none]
[debug] [2022-01-03T17:04:04.697Z] >>> [apiv2][body] POST https://upload-firebasehosting.googleapis.com/upload/sites/jayeens-housing/versions/361034a1a5278048/files/62f481f15bb9ce7f4ac24e6f3aeaae8b9c2b995abc71d36fb0c8ab7299a6b101 [stream]
[debug] [2022-01-03T17:04:04.699Z] >>> [apiv2][query] POST https://upload-firebasehosting.googleapis.com/upload/sites/jayeens-housing/versions/361034a1a5278048/files/b61068983cfa06589040ad12365b3e0ef2737e1d16353209b1fbd6527108411a [none]
[debug] [2022-01-03T17:04:04.699Z] >>> [apiv2][body] POST https://upload-firebasehosting.googleapis.com/upload/sites/jayeens-housing/versions/361034a1a5278048/files/b61068983cfa06589040ad12365b3e0ef2737e1d16353209b1fbd6527108411a [stream]
[debug] [2022-01-03T17:04:04.699Z] >>> [apiv2][query] POST https://upload-firebasehosting.googleapis.com/upload/sites/jayeens-housing/versions/361034a1a5278048/files/ab667a57ab17dcced9ecee0f425807484fe2307aac6310d43a4e1209c3895d8a [none]
[debug] [2022-01-03T17:04:04.699Z] >>> [apiv2][body] POST https://upload-firebasehosting.googleapis.com/upload/sites/jayeens-housing/versions/361034a1a5278048/files/ab667a57ab17dcced9ecee0f425807484fe2307aac6310d43a4e1209c3895d8a [stream]
[debug] [2022-01-03T17:04:04.700Z] [hosting][populate queue][FINAL] {"max":1936,"min":1936,"avg":1936,"active":0,"complete":1,"success":1,"errored":0,"retried":0,"total":1,"elapsed":1939}
[debug] [2022-01-03T17:04:04.700Z] [hosting] uploads queued: 3
[debug] [2022-01-03T17:04:06.395Z] <<< [apiv2][status] POST https://upload-firebasehosting.googleapis.com/upload/sites/jayeens-housing/versions/361034a1a5278048/files/ab667a57ab17dcced9ecee0f425807484fe2307aac6310d43a4e1209c3895d8a 200
[debug] [2022-01-03T17:04:06.395Z] <<< [apiv2][body] POST https://upload-firebasehosting.googleapis.com/upload/sites/jayeens-housing/versions/361034a1a5278048/files/ab667a57ab17dcced9ecee0f425807484fe2307aac6310d43a4e1209c3895d8a [stream]
[debug] [2022-01-03T17:04:06.406Z] <<< [apiv2][status] POST https://upload-firebasehosting.googleapis.com/upload/sites/jayeens-housing/versions/361034a1a5278048/files/b61068983cfa06589040ad12365b3e0ef2737e1d16353209b1fbd6527108411a 200
[debug] [2022-01-03T17:04:06.407Z] <<< [apiv2][body] POST https://upload-firebasehosting.googleapis.com/upload/sites/jayeens-housing/versions/361034a1a5278048/files/b61068983cfa06589040ad12365b3e0ef2737e1d16353209b1fbd6527108411a [stream]
[debug] [2022-01-03T17:04:07.556Z] <<< [apiv2][status] POST https://upload-firebasehosting.googleapis.com/upload/sites/jayeens-housing/versions/361034a1a5278048/files/62f481f15bb9ce7f4ac24e6f3aeaae8b9c2b995abc71d36fb0c8ab7299a6b101 200
[debug] [2022-01-03T17:04:07.556Z] <<< [apiv2][body] POST https://upload-firebasehosting.googleapis.com/upload/sites/jayeens-housing/versions/361034a1a5278048/files/62f481f15bb9ce7f4ac24e6f3aeaae8b9c2b995abc71d36fb0c8ab7299a6b101 [stream]
[debug] [2022-01-03T17:04:07.557Z] [hosting][upload queue][FINAL] {"max":2862,"min":1699,"avg":2090.6666666666665,"active":0,"complete":3,"success":3,"errored":0,"retried":0,"total":3,"elapsed":2862}
[info] ✔  hosting[jayeens-housing]: file upload complete 
[debug] [2022-01-03T17:04:07.558Z] [hosting] deploy completed after 4847ms
[debug] [2022-01-03T17:04:07.562Z] [
  {
    "config": {
      "public": "build",
      "ignore": [
        "firebase.json",
        "**/.*",
        "**/node_modules/**"
      ],
      "rewrites": [
        {
          "source": "**",
          "destination": "/index.html"
        }
      ],
      "site": "jayeens-housing"
    },
    "site": "jayeens-housing",
    "version": "sites/jayeens-housing/versions/361034a1a5278048"
  }
]
[info] i  hosting[jayeens-housing]: finalizing version... 
[debug] [2022-01-03T17:04:07.564Z] > refreshing access token with scopes: ["email","https://www.googleapis.com/auth/cloud-platform","https://www.googleapis.com/auth/cloudplatformprojects.readonly","https://www.googleapis.com/auth/firebase","openid"]
[debug] [2022-01-03T17:04:07.564Z] >>> HTTP REQUEST POST https://www.googleapis.com/oauth2/v3/token  
 <request body omitted>
[debug] [2022-01-03T17:04:07.842Z] <<< HTTP RESPONSE 200 {"pragma":"no-cache","expires":"Mon, 01 Jan 1990 00:00:00 GMT","date":"Mon, 03 Jan 2022 17:04:07 GMT","cache-control":"no-cache, no-store, max-age=0, must-revalidate","content-type":"application/json; charset=utf-8","vary":"X-Origin, Referer, Origin,Accept-Encoding","server":"scaffolding on HTTPServer2","x-xss-protection":"0","x-frame-options":"SAMEORIGIN","x-content-type-options":"nosniff","alt-svc":"h3=\":443\"; ma=2592000,h3-29=\":443\"; ma=2592000,h3-Q050=\":443\"; ma=2592000,h3-Q046=\":443\"; ma=2592000,h3-Q043=\":443\"; ma=2592000,quic=\":443\"; ma=2592000; v=\"46,43\"","accept-ranges":"none","transfer-encoding":"chunked"}
[debug] [2022-01-03T17:04:07.852Z] >>> HTTP REQUEST PATCH https://firebasehosting.googleapis.com/v1beta1/sites/jayeens-housing/versions/361034a1a5278048?updateMask=status  
 {"status":"FINALIZED"}
[debug] [2022-01-03T17:04:09.410Z] <<< HTTP RESPONSE 200 {"content-type":"application/json; charset=UTF-8","vary":"X-Origin, Referer, Origin,Accept-Encoding","date":"Mon, 03 Jan 2022 17:04:09 GMT","server":"ESF","cache-control":"private","x-xss-protection":"0","x-frame-options":"SAMEORIGIN","x-content-type-options":"nosniff","alt-svc":"h3=\":443\"; ma=2592000,h3-29=\":443\"; ma=2592000,h3-Q050=\":443\"; ma=2592000,h3-Q046=\":443\"; ma=2592000,h3-Q043=\":443\"; ma=2592000,quic=\":443\"; ma=2592000; v=\"46,43\"","accept-ranges":"none","transfer-encoding":"chunked"}
[debug] [2022-01-03T17:04:09.411Z] [hosting] finalized version for jayeens-housing: {"name":"sites/jayeens-housing/versions/361034a1a5278048","status":"FINALIZED","config":{"rewrites":[{"glob":"**","path":"/index.html"}]},"labels":{"deployment-tool":"cli-firebase"},"createTime":"2022-01-03T17:04:02.371826Z","createUser":{"email":"jayeen6783@gmail.com"},"finalizeTime":"2022-01-03T17:04:09.274734Z","finalizeUser":{"email":"jayeen6783@gmail.com"}}
[info] ✔  hosting[jayeens-housing]: version finalized 
[info] i  hosting[jayeens-housing]: releasing new version... 
[debug] [2022-01-03T17:04:09.413Z] >>> HTTP REQUEST POST https://firebasehosting.googleapis.com/v1beta1/sites/jayeens-housing/releases?version_name=sites/jayeens-housing/versions/361034a1a5278048  
 {"message":null}
